<?xml version="1.0" encoding="UTF-8"?>
<testsuite name="com.david.project1.StorageTest" tests="5" skipped="0" failures="0" errors="0" timestamp="2016-06-03T15:30:47" hostname="IEDUBR8C8EHR" time="0.017">
  <properties/>
  <testcase name="NullList" classname="com.david.project1.StorageTest" time="0.002"/>
  <testcase name="AreListsStoredCorrectly" classname="com.david.project1.StorageTest" time="0.0"/>
  <testcase name="AreListsStored" classname="com.david.project1.StorageTest" time="0.0"/>
  <testcase name="EmptyList" classname="com.david.project1.StorageTest" time="0.01"/>
  <testcase name="SingleElement" classname="com.david.project1.StorageTest" time="0.001"/>
  <system-out><![CDATA[]]></system-out>
  <system-err><![CDATA[]]></system-err>
</testsuite>
