<?xml version="1.0" encoding="UTF-8"?>
<testsuite name="com.david.project1.SortedListResourceTest" tests="8" skipped="0" failures="0" errors="0" timestamp="2016-06-03T15:30:47" hostname="IEDUBR8C8EHR" time="0.026">
  <properties/>
  <testcase name="NullList" classname="com.david.project1.SortedListResourceTest" time="0.011"/>
  <testcase name="CreateList" classname="com.david.project1.SortedListResourceTest" time="0.0"/>
  <testcase name="CreateListWithVoidStorage" classname="com.david.project1.SortedListResourceTest" time="0.0"/>
  <testcase name="EmptyList" classname="com.david.project1.SortedListResourceTest" time="0.0"/>
  <testcase name="sortedListFailsWhenListIsNotSorted" classname="com.david.project1.SortedListResourceTest" time="0.0"/>
  <testcase name="SingleElement" classname="com.david.project1.SortedListResourceTest" time="0.005"/>
  <testcase name="sortedListPassesWhenListIsSorted" classname="com.david.project1.SortedListResourceTest" time="0.002"/>
  <testcase name="LargeSortedLists" classname="com.david.project1.SortedListResourceTest" time="0.003"/>
  <system-out><![CDATA[]]></system-out>
  <system-err><![CDATA[]]></system-err>
</testsuite>
